<?xml version="1.0" encoding="UTF-8"?>
<testng-results ignored="0" total="3" passed="3" failed="0" skipped="0">
  <reporter-output>
  </reporter-output>
  <suite started-at="2022-03-27T08:33:01 CDT" name="Gmail Suite" finished-at="2022-03-27T08:33:23 CDT" duration-ms="22332">
    <groups>
    </groups>
    <test started-at="2022-03-27T08:33:01 CDT" name="Regression" finished-at="2022-03-27T08:33:20 CDT" duration-ms="19617">
      <class name="checkoutCart.GuestCheckout">
        <test-method signature="homepageActions()[pri:1, instance:checkoutCart.GuestCheckout@47987356]" started-at="2022-03-27T08:33:01 CDT" name="homepageActions" finished-at="2022-03-27T08:33:04 CDT" duration-ms="3424" status="PASS">
          <reporter-output>
          </reporter-output>
        </test-method> <!-- homepageActions -->
        <test-method signature="storePageAction()[pri:2, instance:checkoutCart.GuestCheckout@47987356]" started-at="2022-03-27T08:33:04 CDT" name="storePageAction" finished-at="2022-03-27T08:33:20 CDT" duration-ms="16169" status="PASS">
          <reporter-output>
          </reporter-output>
        </test-method> <!-- storePageAction -->
      </class> <!-- checkoutCart.GuestCheckout -->
    </test> <!-- Regression -->
    <test started-at="2022-03-27T08:33:20 CDT" name="functional" finished-at="2022-03-27T08:33:23 CDT" duration-ms="2690">
      <class name="checkoutCart.GuestCheckout">
        <test-method is-config="true" signature="startDriver()[pri:0, instance:checkoutCart.GuestCheckout@47987356]" started-at="2022-03-27T08:32:59 CDT" name="startDriver" finished-at="2022-03-27T08:33:01 CDT" duration-ms="2039" status="PASS">
          <reporter-output>
          </reporter-output>
        </test-method> <!-- startDriver -->
        <test-method is-config="true" signature="closeDriver()[pri:0, instance:checkoutCart.GuestCheckout@47987356]" started-at="2022-03-27T08:33:23 CDT" name="closeDriver" finished-at="2022-03-27T08:33:24 CDT" duration-ms="644" status="PASS">
          <reporter-output>
          </reporter-output>
        </test-method> <!-- closeDriver -->
      </class> <!-- checkoutCart.GuestCheckout -->
      <class name="demov1.BaseTestv">
        <test-method is-config="true" signature="invokeBrowser()[pri:0, instance:demov1.BaseTestv@550dbc7a]" started-at="2022-03-27T08:33:20 CDT" name="invokeBrowser" finished-at="2022-03-27T08:33:22 CDT" duration-ms="2040" status="PASS">
          <reporter-output>
          </reporter-output>
        </test-method> <!-- invokeBrowser -->
        <test-method signature="verifyTitlepage()[pri:0, instance:demov1.BaseTestv@550dbc7a]" started-at="2022-03-27T08:33:22 CDT" name="verifyTitlepage" finished-at="2022-03-27T08:33:22 CDT" duration-ms="7" status="PASS">
          <reporter-output>
          </reporter-output>
        </test-method> <!-- verifyTitlepage -->
        <test-method is-config="true" signature="tearDown()[pri:0, instance:demov1.BaseTestv@550dbc7a]" started-at="2022-03-27T08:33:22 CDT" name="tearDown" finished-at="2022-03-27T08:33:23 CDT" duration-ms="641" status="PASS">
          <reporter-output>
          </reporter-output>
        </test-method> <!-- tearDown -->
      </class> <!-- demov1.BaseTestv -->
    </test> <!-- functional -->
  </suite> <!-- Gmail Suite -->
</testng-results>
